<?xml version="1.0" encoding="UTF-8"?>
<!-- Generated by org.testng.reporters.JUnitReportReporter -->
<testsuite hostname="SivaSuman" failures="0" tests="1" name="test.day2" time="0.001" errors="0" timestamp="2024-03-10T23:15:04 EDT" skipped="0">
  <testcase classname="test.day2" name="pLoan" time="0.001"/>
  <system-out/>
</testsuite> <!-- test.day2 -->
