<?xml version="1.0" encoding="UTF-8"?>
<!-- Generated by org.testng.reporters.JUnitReportReporter -->
<testsuite hostname="SivaSuman" failures="0" tests="3" name="test.day4" time="0.007" errors="0" timestamp="2024-03-10T23:15:04 EDT" skipped="0">
  <testcase classname="test.day4" name="MobileloginCarLoan" time="0.005"/>
  <system-out/>
  <testcase classname="test.day4" name="WebLoginCarLoan" time="0.001"/>
  <system-out/>
  <testcase classname="test.day4" name="LoginAPICarLoan" time="0.001"/>
  <system-out/>
</testsuite> <!-- test.day4 -->
