<?xml version="1.0" encoding="UTF-8"?>
<!-- Generated by org.testng.reporters.JUnitReportReporter -->
<testsuite hostname="SivaSuman" failures="0" tests="2" name="practise.class2" time="0.019" errors="0" timestamp="2024-03-11T21:05:33 EDT" skipped="0">
  <testcase classname="practise.class2" name="method2" time="0.011"/>
  <system-out/>
  <testcase classname="practise.class2" name="method3" time="0.008"/>
  <system-out/>
</testsuite> <!-- practise.class2 -->
